[2023/07/06 16:29:16] PATCH /cards/64a581eca06de1974f5ce4e8 500 - 13.909 MS
[2023/07/06 16:35:44] DELETE /cards/64a54ccdf93456f4358b16fd 500 - 9.474 MS
[2023/07/06 16:36:05] DELETE /cards/64a54ccdf93456f4358b16fd 500 - 7.884 MS
[2023/07/06 16:38:03] DELETE /cards/64a581eca06de1974f5ce4e8 403 - 8.553 MS
[2023/07/06 16:39:35] DELETE /cards/64a54ccdf93456f4358b16fd 500 - 15.380 MS
[2023/07/06 16:49:40] POST /cards 403 - 10.142 MS
[2023/07/06 16:49:59] POST /cards 400 - 5.469 MS
[2023/07/06 16:50:37] POST /cards 400 - 3.157 MS
[2023/07/06 16:50:49] POST /cards 400 - 4.814 MS
[2023/07/06 16:50:58] POST /cards 400 - 2.893 MS
[2023/07/06 16:51:06] POST /cards 400 - 2.028 MS
[2023/07/06 16:51:21] POST /cards 400 - 2.313 MS
[2023/07/06 16:51:29] POST /cards 400 - 2.332 MS
[2023/07/06 16:51:35] POST /cards 400 - 3.189 MS
[2023/07/06 16:51:53] POST /cards 400 - 2.571 MS
[2023/07/06 16:52:06] POST /cards 400 - 4.739 MS
[2023/07/06 16:52:16] POST /cards 400 - 1.810 MS
[2023/07/06 16:52:23] POST /cards 400 - 2.777 MS
[2023/07/06 16:52:29] POST /cards 500 - 4.514 MS
[2023/07/06 16:53:26] POST /cards 400 - 2.495 MS
[2023/07/06 16:55:11] GET /users 400 - 4.062 MS
[2023/07/06 16:55:17] GET /users 400 - 2.544 MS
[2023/07/06 16:55:59] GET /users 400 - 8.177 MS
[2023/07/06 16:56:47] GET /users 500 - 6.194 MS
[2023/07/06 16:57:02] GET /users/login 404 - 5.258 MS
[2023/07/06 16:57:03] GET /users/login 404 - 1.068 MS
[2023/07/06 16:57:04] GET /users/login 404 - 0.775 MS
[2023/07/06 16:57:34] GET /users/login 404 - 3.524 MS
[2023/07/06 16:58:06] GET /users/login 404 - 3.413 MS
[2023/07/06 16:58:12] GET /users/login 404 - 1.345 MS
[2023/07/06 16:58:30] GET /users/login 404 - 3.343 MS
[2023/07/06 16:58:31] GET /users/login 404 - 0.954 MS
[2023/07/06 17:08:25] GET /user 404 - 9.619 MS
[2023/07/06 17:08:35] GET /user/64a54ccdf93456f4358b16db 404 - 1.567 MS
[2023/07/06 17:08:36] GET /user/64a54ccdf93456f4358b16db 404 - 1.168 MS
[2023/07/06 17:08:47] GET /user/64a54ccdf93456f4358b16db 404 - 9.689 MS
[2023/07/06 17:08:49] GET /user/64a54ccdf93456f4358b16db 404 - 1.856 MS
[2023/07/06 17:08:54] GET /users/64a54ccdf93456f4358b16db 500 - 4.830 MS
[2023/07/06 17:15:58] PUT /users/64a54ccdf93456f4358b16db 500 - 18.088 MS
[2023/07/06 17:17:05] PUT /users/64a54ccdf93456f4358b16db 500 - 4.972 MS
[2023/07/06 17:17:51] PUT /users/64a54ccdf93456f4358b16db 500 - 21.157 MS
[2023/07/06 17:18:02] PUT /users/64a54ccdf93456f4358b16e3 500 - 9.779 MS
[2023/07/06 17:18:21] PUT /users/64a54ccdf93456f4358b16e3 500 - 3.801 MS
[2023/07/06 17:19:13] PUT /users/64a54ccdf93456f4358b16e3 500 - 10.856 MS
[2023/07/06 17:19:20] PUT /users/64a54ccdf93456f4358b16e3 500 - 11.731 MS
[2023/07/06 17:20:56] DELETE /users/64a54ccdf93456f4358b16db 500 - 4.663 MS
[2023/07/06 17:21:55] DELETE /users/64a54ccdf93456f4358b16df 403 - 8.480 MS
[2023/07/06 17:25:46] PATCH /users/64a54ccdf93456f4358b16df 500 - 9.883 MS
[2023/07/06 17:25:49] PATCH /users/64a54ccdf93456f4358b16df 500 - 3.327 MS
[2023/07/06 17:26:15] PATCH /users/64a54ccdf93456f4358b16df 500 - 4.143 MS
[2023/07/06 17:28:41] PATCH /users/64a54ccdf93456f4358b16df 500 - 6.133 MS
[2023/07/06 17:28:46] PATCH /users/64a54ccdf93456f4358b16df 500 - 1.738 MS
[2023/07/06 17:28:50] PATCH /users/64a54ccdf93456f4358b16df 500 - 1.733 MS
[2023/07/06 17:28:59] POST /users/login 500 - 1.344 MS
[2023/07/06 17:29:01] POST /users/login 500 - 0.509 MS
[2023/07/06 17:29:33] PATCH /users/64a54ccdf93456f4358b16df 500 - 2.704 MS
[2023/07/06 17:30:12] PATCH /users/64a54ccdf93456f4358b16df 500 - 8.616 MS
[2023/07/06 17:32:23] PATCH /users/64a54ccdf93456f4358b16df 500 - 8.177 MS
[2023/07/06 17:32:25] PATCH /users/64a54ccdf93456f4358b16df 500 - 8.207 MS
[2023/07/06 17:32:35] PATCH /users/64a54ccdf93456f4358b16df 500 - 9.138 MS
[2023/07/06 17:32:37] PATCH /users/64a54ccdf93456f4358b16df 500 - 3.933 MS
[2023/07/06 17:36:05] PATCH /users/64a54ccdf93456f4358b16df 500 - 6.611 MS
[2023/07/06 17:36:53] PATCH /users/64a54ccdf93456f4358b16df 500 - 8.351 MS
[2023/07/06 17:39:49] PATCH /users/64a54ccdf93456f4358b16df 500 - 9.405 MS
[2023/07/06 17:39:51] PATCH /users/64a54ccdf93456f4358b16df 500 - 5.762 MS
[2023/07/06 17:39:51] PATCH /users/64a54ccdf93456f4358b16df 500 - 2.877 MS
[2023/07/06 17:48:29] POST /users/login 400 - 11.203 MS
[2023/07/06 17:48:33] POST /users/login 400 - 2.386 MS
[2023/07/06 17:48:39] POST /users/login 400 - 1.329 MS
[2023/07/06 17:48:41] POST /users/login 400 - 2.461 MS
[2023/07/06 17:48:45] POST /users/login 400 - 1.374 MS
[2023/07/06 17:48:47] POST /users/login 400 - 2.473 MS
[2023/07/06 17:48:48] POST /users/login 400 - 2.147 MS
[2023/07/06 17:48:48] POST /users/login 400 - 1.415 MS
[2023/07/06 17:48:49] POST /users/login 400 - 1.761 MS
[2023/07/06 17:48:52] POST /users/login 400 - 1.190 MS
[2023/07/06 17:48:53] POST /users/login 400 - 2.059 MS
[2023/07/06 17:48:54] POST /users/login 400 - 2.049 MS
[2023/07/06 17:48:54] POST /users/login 400 - 1.078 MS
[2023/07/06 17:48:57] POST /users/login 403 - 60.749 MS
[2023/07/06 17:49:09] POST /users/login 403 - 58.090 MS
[2023/07/06 17:49:11] POST /users/login 500 - 58.598 MS
[2023/07/06 17:49:13] POST /users/login 500 - 66.366 MS
[2023/07/06 17:50:11] POST /users/login 403 - 64.737 MS
[2023/07/06 17:50:17] POST /users/login 403 - 58.608 MS
[2023/07/06 17:50:18] POST /users/login 500 - 57.357 MS
[2023/07/06 17:50:20] POST /users/login 500 - 63.895 MS
[2023/07/06 18:18:36] POST /users/login 400 - 12.640 MS
[2023/07/06 18:18:37] POST /users/login 400 - 1.927 MS
[2023/07/06 19:39:40] POST /cards 500 - 1.158 MS
[2023/07/06 19:39:57] POST /cards 403 - 4.011 MS
[2023/07/06 19:40:08] POST /cards 400 - 5.174 MS
[2023/07/06 19:40:18] POST /cards 400 - 3.140 MS
[2023/07/06 19:40:23] POST /cards 400 - 2.635 MS
[2023/07/06 19:40:28] POST /cards 400 - 2.709 MS
[2023/07/06 19:40:32] POST /cards 400 - 5.973 MS
[2023/07/06 19:40:38] POST /cards 400 - 2.788 MS
[2023/07/06 19:40:42] POST /cards 400 - 2.602 MS
[2023/07/06 19:40:46] POST /cards 400 - 3.061 MS
[2023/07/06 19:40:51] POST /cards 500 - 4.236 MS
[2023/07/06 19:43:00] POST /cards 500 - 15.086 MS
[2023/07/06 19:43:06] POST /cards 500 - 15.667 MS
[2023/07/06 19:43:36] POST /cards 400 - 4.194 MS
[2023/07/06 19:43:47] POST /cards 500 - 8.469 MS
[2023/07/06 19:44:23] POST /cards 500 - 3.943 MS
[2023/07/06 19:44:34] PUT /cards/64a54ccdf93456f4358b16f3 500 - 3.387 MS
[2023/07/06 19:44:51] PATCH /users/64a54ccdf93456f4358b16df 500 - 3.578 MS
