[2023/07/05 13:44:39] GET /cards/my-cards 500 - 1.870 MS
[2023/07/05 13:45:13] GET /cards/my-cards 404 - 12.704 MS
[2023/07/05 13:46:21] GET /cards 500 - 0.436 MS
[2023/07/05 13:46:53] GET /cards/my-cards 404 - 1.885 MS
[2023/07/05 13:47:49] GET /cards/my-cards 404 - 10.380 MS
[2023/07/05 13:48:02] GET /cards/my-cards 404 - 9.173 MS
[2023/07/05 13:50:10] GET /cards/my-cards 404 - 2.106 MS
[2023/07/05 14:05:04] GET /cards/my-cards 404 - 9.285 MS
[2023/07/05 14:05:14] GET /cards/my-cards 404 - 1.525 MS
[2023/07/05 14:06:27] GET /cards/my-cards 404 - 9.105 MS
[2023/07/05 14:07:11] GET /cards/my-cards 404 - 8.679 MS
[2023/07/05 14:07:21] GET /cards/my-cards 404 - 9.200 MS
[2023/07/05 14:08:25] GET /cards/my-cards 404 - 8.324 MS
[2023/07/05 14:08:27] GET /cards/my-cards 404 - 1.117 MS
[2023/07/05 14:10:15] POST /cards 403 - 8.851 MS
[2023/07/05 14:14:07] GET /cards/my-cards 404 - 8.691 MS
[2023/07/05 14:14:10] GET /cards/my-cards 404 - 2.620 MS
[2023/07/05 14:14:58] GET /cards/my-cards 404 - 9.687 MS
[2023/07/05 14:14:59] GET /cards/my-cards 404 - 1.121 MS
[2023/07/05 14:15:07] GET /cards/my-cards 404 - 1.687 MS
[2023/07/05 14:15:18] GET /cards/my-cards 404 - 1.186 MS
[2023/07/05 14:15:27] GET /cards/my-cards 404 - 9.849 MS
[2023/07/05 14:16:07] GET /cards/my-cards 404 - 9.516 MS
[2023/07/05 14:17:18] GET /cards/my 404 - 9.631 MS
[2023/07/05 14:17:26] GET /cards/my 404 - 9.423 MS
[2023/07/05 14:17:35] GET /cards/my-cards 404 - 9.297 MS
[2023/07/05 14:17:54] GET /cards/my-cards 404 - 9.519 MS
[2023/07/05 14:18:03] GET /cards/my-cards 404 - 9.704 MS
[2023/07/05 14:18:04] GET /cards/my-cards 404 - 0.994 MS
[2023/07/05 14:18:05] GET /cards/my-cards 404 - 1.418 MS
[2023/07/05 14:18:30] GET /cards/my-cards 404 - 1.091 MS
[2023/07/05 14:18:34] GET /cards/my-cards 404 - 1.400 MS
[2023/07/05 14:18:36] GET /cards/my-cards 404 - 1.590 MS
[2023/07/05 14:18:40] GET /cards/my-cards 404 - 0.597 MS
[2023/07/05 14:22:05] GET /cards/my-cards 500 - 12.252 MS
[2023/07/05 14:22:56] GET /cards/my-cards 500 - 11.765 MS
[2023/07/05 14:22:59] GET /cards/my-cards 500 - 1.730 MS
[2023/07/05 14:24:38] GET /cards/my-cards 500 - 13.479 MS
[2023/07/05 14:30:22] POST /cards 403 - 11.856 MS
[2023/07/05 14:32:38] POST /cards 403 - 8.739 MS
[2023/07/05 14:35:49] POST /cards 403 - 3.319 MS
[2023/07/05 14:35:50] POST /cards 403 - 2.836 MS
[2023/07/05 14:35:52] POST /cards 403 - 1.190 MS
[2023/07/05 14:36:20] POST /cards 403 - 1.384 MS
[2023/07/05 14:37:23] POST /cards 403 - 2.695 MS
[2023/07/05 16:53:47] GET / 404 - 1.011 MS
[2023/07/05 16:54:08] POST / 404 - 0.619 MS
[2023/07/05 16:54:29] POST /login 404 - 0.760 MS
[2023/07/05 16:54:40] POST /login 404 - 0.668 MS
[2023/07/05 16:56:05] POST /login 404 - 1.221 MS
[2023/07/05 16:57:53] GET /cards/my-cards 404 - 0.694 MS
[2023/07/05 16:58:01] GET /cards/my-cards 404 - 0.687 MS
[2023/07/05 16:58:22] GET /cards/my-cards 404 - 11.081 MS
[2023/07/05 16:58:23] GET /cards/my-cards 404 - 1.789 MS
[2023/07/05 16:58:32] GET /cards/my-cards 404 - 9.009 MS
[2023/07/05 16:58:49] GET /cards/my-cards 403 - 10.615 MS
[2023/07/05 16:59:58] POST /cards 400 - 3.505 MS
[2023/07/05 17:01:39] GET /cards/my-cards 500 - 17.931 MS
[2023/07/05 17:02:19] GET /cards/my-cards 500 - 10.945 MS
[2023/07/05 17:02:30] GET /cards/my-cards 500 - 3.483 MS
[2023/07/05 17:02:48] GET /cards/my-cards 500 - 12.041 MS
[2023/07/05 17:02:54] GET /cards/my-cards 500 - 11.370 MS
[2023/07/05 17:03:36] GET /cards/my-cards 500 - 13.367 MS
[2023/07/05 17:06:33] GET /cards/my-cards 500 - 10.676 MS
[2023/07/05 17:07:32] GET /cards/my-cards 403 - 1.751 MS
[2023/07/05 17:07:34] GET /cards/my-cards 403 - 1.706 MS
[2023/07/05 17:08:28] GET /cards/my-cards 403 - 1.251 MS
[2023/07/05 17:08:32] GET /cards/my-cards 403 - 3.184 MS
[2023/07/05 17:08:37] GET /cards/my-cards 403 - 1.390 MS
[2023/07/05 17:10:48] GET /cards/my-cards 500 - 12.234 MS
[2023/07/05 17:10:59] GET /cards/my-cards 500 - 14.695 MS
[2023/07/05 17:11:14] GET /cards/my-cards 500 - 14.079 MS
[2023/07/05 17:21:22] GET /cards/64a54ccdf93456f4358b16f3 500 - 10.120 MS
[2023/07/05 17:21:37] GET /cards/64a54ccdf93456f4358b16f3 500 - 12.377 MS
[2023/07/05 17:21:39] GET /cards/64a54ccdf93456f4358b16f3 500 - 3.836 MS
[2023/07/05 17:22:27] GET /cards/64a54ccdf93456f4358b16f3 500 - 8.860 MS
[2023/07/05 17:22:41] GET /cards/64a54ccdf93456f4358b16f3 500 - 12.079 MS
[2023/07/05 17:32:55] PUT /cards/123456 403 - 10.286 MS
[2023/07/05 17:33:47] PUT /cards/123456?Origin=http://localhost:3000&x-auth-token=eyJhbGciOiJIUzI1NiIsInR5cCI6IkpXVCJ9.eyJfaWQiOiI2NGE1NGNjZGY5MzQ1NmY0MzU4YjE2ZTMiLCJpc0J1c2luZXNzIjp0cnVlLCJpc0FkbWluIjp0cnVlLCJpYXQiOjE2ODg1NjU0MjJ9.L_cyeK2dEIG2zQpBLk8bRsN2srHRGqSqPjwkI1skrUQ 403 - 1.331 MS
[2023/07/05 17:33:50] PUT /cards/123456?Origin=http://localhost:3000&x-auth-token=eyJhbGciOiJIUzI1NiIsInR5cCI6IkpXVCJ9.eyJfaWQiOiI2NGE1NGNjZGY5MzQ1NmY0MzU4YjE2ZTMiLCJpc0J1c2luZXNzIjp0cnVlLCJpc0FkbWluIjp0cnVlLCJpYXQiOjE2ODg1NjU0MjJ9.L_cyeK2dEIG2zQpBLk8bRsN2srHRGqSqPjwkI1skrUQ 403 - 1.843 MS
[2023/07/05 17:34:01] PUT /cards/ 404 - 0.909 MS
[2023/07/05 17:34:25] PUT /cards/64a54ccdf93456f4358b16e3 403 - 1.184 MS
[2023/07/05 17:34:55] PUT /cards/64a54ccdf93456f4358b16e3 403 - 3.832 MS
[2023/07/05 17:35:13] PUT /cards/64a54ccdf93456f4358b16f3 403 - 1.342 MS
[2023/07/05 17:35:14] PUT /cards/64a54ccdf93456f4358b16f3 403 - 1.238 MS
[2023/07/05 17:36:16] PUT /cards/64a54ccdf93456f4358b16f3 403 - 3.028 MS
[2023/07/05 17:36:24] PUT /cards/64a54ccdf93456f4358b16e3 403 - 1.266 MS
[2023/07/05 17:36:30] PUT /cards/64a54ccdf93456f4358b16f3 403 - 2.034 MS
[2023/07/05 17:36:36] PUT /cards/64a54ccdf93456f4358b16f3 403 - 1.091 MS
[2023/07/05 17:36:56] PUT /cards/64a54ccdf93456f4358b16f3 500 - 8.666 MS
[2023/07/05 17:42:56] PUT /cards/64a54ccdf93456f4358b16f3 500 - 21.627 MS
[2023/07/05 17:43:08] PUT /cards/64a54ccdf93456f4358b16f3 500 - 3.171 MS
[2023/07/05 17:43:16] PUT /cards/64a54ccdf93456f4358b16f3 500 - 1.868 MS
[2023/07/05 17:45:06] PUT /cards/64a54ccdf93456f4358b16f3 500 - 10.850 MS
[2023/07/05 17:46:25] PUT /cards/64a54ccdf93456f4358b16f3 500 - 2.625 MS
[2023/07/05 17:47:09] PUT /cards/64a54ccdf93456f4358b16f3 403 - 11.458 MS
[2023/07/05 17:47:13] PUT /cards/64a54ccdf93456f4358b16f3 403 - 13.446 MS
[2023/07/05 17:47:55] PUT /cards/64a54ccdf93456f4358b16f3 500 - 4.392 MS
[2023/07/05 17:49:16] PUT /cards/64a54ccdf93456f4358b16f3 500 - 16.875 MS
[2023/07/05 17:50:06] PUT /cards/64a54ccdf93456f4358b16f3 500 - 13.281 MS
[2023/07/05 17:50:25] PUT /cards/64a54ccdf93456f4358b16f3 500 - 14.133 MS
[2023/07/05 17:51:43] PUT /cards/64a54ccdf93456f4358b16f3 500 - 14.956 MS
[2023/07/05 17:52:11] PUT /cards/64a54ccdf93456f4358b16f3 500 - 16.273 MS
[2023/07/05 17:52:24] PUT /cards/64a54ccdf93456f4358b16f3 500 - 19.294 MS
[2023/07/05 17:53:45] PUT /cards/64a54ccdf93456f4358b16f3 500 - 18.689 MS
[2023/07/05 17:53:55] PUT /cards/64a54ccdf93456f4358b16f3 500 - 15.906 MS
[2023/07/05 18:05:10] PATCH /cards/64a54ccdf93456f4358b16f3 404 - 10.998 MS
[2023/07/05 18:05:38] PATCH /cards/64a54ccdf93456f4358b16db 404 - 10.415 MS
[2023/07/05 18:05:39] PATCH /cards/64a54ccdf93456f4358b16db 404 - 3.591 MS
[2023/07/05 18:05:54] PATCH /cards/64a54ccdf93456f4358b16db 404 - 0.997 MS
[2023/07/05 18:06:05] PATCH /cards/64a54ccdf93456f4358b16db 404 - 0.611 MS
[2023/07/05 18:06:13] PATCH /cards/64a54ccdf93456f4358b16db 404 - 3.374 MS
[2023/07/05 18:06:38] PATCH /cards/64a54ccdf93456f4358b16db 404 - 2.754 MS
[2023/07/05 18:06:40] PATCH /cards/64a54ccdf93456f4358b16db 404 - 0.729 MS
[2023/07/05 18:06:43] PATCH /cards/64a54ccdf93456f4358b16db 404 - 0.501 MS
[2023/07/05 18:06:46] PATCH /cards/64a54ccdf93456f4358b16db 404 - 0.527 MS
[2023/07/05 18:07:05] PATCH /cards/64a54ccdf93456f4358b16db 500 - 6.620 MS
[2023/07/05 18:07:19] PATCH /cards/64a54ccdf93456f4358b16f3 500 - 4.774 MS
[2023/07/05 18:08:30] PATCH /cards/64a54ccdf93456f4358b16f3 500 - 10.358 MS
[2023/07/05 18:09:36] PATCH /cards/64a54ccdf93456f4358b16f3 500 - 9.792 MS
[2023/07/05 18:09:37] PATCH /cards/64a54ccdf93456f4358b16f3 500 - 8.614 MS
[2023/07/05 18:10:42] PATCH /cards/64a54ccdf93456f4358b16f3 500 - 12.930 MS
[2023/07/05 18:11:00] PATCH /cards/64a54ccdf93456f4358b16f3 500 - 10.223 MS
[2023/07/05 18:11:07] PATCH /cards/64a54ccdf93456f4358b16f3 500 - 15.887 MS
[2023/07/05 18:11:15] PATCH /cards/64a54ccdf93456f4358b16f3 500 - 12.581 MS
[2023/07/05 18:12:09] PATCH /cards/64a54ccdf93456f4358b16f3 500 - 10.006 MS
[2023/07/05 18:12:24] PATCH /cards/64a54ccdf93456f4358b16f3 500 - 7.591 MS
[2023/07/05 18:12:37] PATCH /cards/64a54ccdf93456f4358b16f3 500 - 5.020 MS
[2023/07/05 18:13:09] PATCH /cards/64a54ccdf93456f4358b16f3 500 - 3.304 MS
[2023/07/05 18:13:55] PATCH /cards/64a581eca06de1974f5ce4e8 500 - 6.907 MS
